Determining if the pthread_create exist failed with the following output:
Change Dir: /media/dhaivat1729/e4187b00-2f8d-4c09-b475-5966c6563009/Rockwell_collins_fast_stereo/computation_optimization_workspace/build/CMakeFiles/CMakeTmp

Run Build Command:"/usr/bin/make" "cmTryCompileExec2000318732/fast"
/usr/bin/make -f CMakeFiles/cmTryCompileExec2000318732.dir/build.make CMakeFiles/cmTryCompileExec2000318732.dir/build
make[1]: Entering directory `/media/dhaivat1729/e4187b00-2f8d-4c09-b475-5966c6563009/Rockwell_collins_fast_stereo/computation_optimization_workspace/build/CMakeFiles/CMakeTmp'
/usr/bin/cmake -E cmake_progress_report /media/dhaivat1729/e4187b00-2f8d-4c09-b475-5966c6563009/Rockwell_collins_fast_stereo/computation_optimization_workspace/build/CMakeFiles/CMakeTmp/CMakeFiles 1
Building C object CMakeFiles/cmTryCompileExec2000318732.dir/CheckSymbolExists.c.o
/usr/bin/cc    -o CMakeFiles/cmTryCompileExec2000318732.dir/CheckSymbolExists.c.o   -c /media/dhaivat1729/e4187b00-2f8d-4c09-b475-5966c6563009/Rockwell_collins_fast_stereo/computation_optimization_workspace/build/CMakeFiles/CMakeTmp/CheckSymbolExists.c
Linking C executable cmTryCompileExec2000318732
/usr/bin/cmake -E cmake_link_script CMakeFiles/cmTryCompileExec2000318732.dir/link.txt --verbose=1
/usr/bin/cc       CMakeFiles/cmTryCompileExec2000318732.dir/CheckSymbolExists.c.o  -o cmTryCompileExec2000318732 -rdynamic 
CMakeFiles/cmTryCompileExec2000318732.dir/CheckSymbolExists.c.o: In function `main':
CheckSymbolExists.c:(.text+0x16): undefined reference to `pthread_create'
collect2: error: ld returned 1 exit status
make[1]: Leaving directory `/media/dhaivat1729/e4187b00-2f8d-4c09-b475-5966c6563009/Rockwell_collins_fast_stereo/computation_optimization_workspace/build/CMakeFiles/CMakeTmp'
make[1]: *** [cmTryCompileExec2000318732] Error 1
make: *** [cmTryCompileExec2000318732/fast] Error 2

File /media/dhaivat1729/e4187b00-2f8d-4c09-b475-5966c6563009/Rockwell_collins_fast_stereo/computation_optimization_workspace/build/CMakeFiles/CMakeTmp/CheckSymbolExists.c:
/* */
#include <pthread.h>

int main(int argc, char** argv)
{
  (void)argv;
#ifndef pthread_create
  return ((int*)(&pthread_create))[argc];
#else
  (void)argc;
  return 0;
#endif
}

Determining if the function pthread_create exists in the pthreads failed with the following output:
Change Dir: /media/dhaivat1729/e4187b00-2f8d-4c09-b475-5966c6563009/Rockwell_collins_fast_stereo/computation_optimization_workspace/build/CMakeFiles/CMakeTmp

Run Build Command:"/usr/bin/make" "cmTryCompileExec601528093/fast"
/usr/bin/make -f CMakeFiles/cmTryCompileExec601528093.dir/build.make CMakeFiles/cmTryCompileExec601528093.dir/build
make[1]: Entering directory `/media/dhaivat1729/e4187b00-2f8d-4c09-b475-5966c6563009/Rockwell_collins_fast_stereo/computation_optimization_workspace/build/CMakeFiles/CMakeTmp'
/usr/bin/cmake -E cmake_progress_report /media/dhaivat1729/e4187b00-2f8d-4c09-b475-5966c6563009/Rockwell_collins_fast_stereo/computation_optimization_workspace/build/CMakeFiles/CMakeTmp/CMakeFiles 1
Building C object CMakeFiles/cmTryCompileExec601528093.dir/CheckFunctionExists.c.o
/usr/bin/cc   -DCHECK_FUNCTION_EXISTS=pthread_create   -o CMakeFiles/cmTryCompileExec601528093.dir/CheckFunctionExists.c.o   -c /usr/share/cmake-3.2/Modules/CheckFunctionExists.c
Linking C executable cmTryCompileExec601528093
/usr/bin/cmake -E cmake_link_script CMakeFiles/cmTryCompileExec601528093.dir/link.txt --verbose=1
/usr/bin/cc   -DCHECK_FUNCTION_EXISTS=pthread_create    CMakeFiles/cmTryCompileExec601528093.dir/CheckFunctionExists.c.o  -o cmTryCompileExec601528093 -rdynamic -lpthreads 
/usr/bin/ld: cannot find -lpthreads
collect2: error: ld returned 1 exit status
make[1]: *** [cmTryCompileExec601528093] Error 1
make[1]: Leaving directory `/media/dhaivat1729/e4187b00-2f8d-4c09-b475-5966c6563009/Rockwell_collins_fast_stereo/computation_optimization_workspace/build/CMakeFiles/CMakeTmp'
make: *** [cmTryCompileExec601528093/fast] Error 2


